<?xml version="1.0" encoding="UTF-8"?>
<!-- Generated by org.testng.reporters.JUnitReportReporter -->
<testsuite hostname="Matt-WIN7" name="com.geopresence.test.integration.GeopresenceClientRosterTests" tests="4" failures="0" timestamp="24 Aug 2011 22:35:04 GMT" time="30.736" errors="0">
  <testcase name="testGeoLocCreate" time="4.001" classname="com.geopresence.test.integration.GeopresenceClientRosterTests"/>
  <testcase name="testCreateAccount" time="0.734" classname="com.geopresence.test.integration.GeopresenceClientRosterTests"/>
  <testcase name="testGeoLocUpdate" time="14.001" classname="com.geopresence.test.integration.GeopresenceClientRosterTests"/>
  <testcase name="testProximityUpdate" time="12.000" classname="com.geopresence.test.integration.GeopresenceClientRosterTests"/>
</testsuite>
